
ROM used:   334/8192 (4%)
            334/8192 (4%) including unused fragments

            0.4 Average locations per line
            4.6 Average locations per statement

RAM used:   21/368 (6%) at main() level
            23/368 (6%) worst case

Stack used: 3 worst case (1 in main + 2 for interrupts)
Stack size: 8

Lines Stmts  %   Files
----- ----- ---  -----
  116    72 100  main.c
    5     0   0  main.h
  696     0   0  C:\Program Files (x86)\PICC\Devices\16F877A.h
----- -----
  817    72 Total

Page ROM  %  RAM    Vol Diff  Functions:
---- --- --- ---    --- ----  ----------
0     24   7    1             @delay_ms1
0     12   4    0     38  1.7  ext_int_isr
0     83  25    1    561  5.2  timer0_isr
0      8   2    0    380  3.7  @goto33861
0     88  26    1    804  4.8  MAIN
0     65  19    1    380  3.7  codifica
 Inline         0             @cinit1

Program metrics:
    Functions               5
    Statements              72
    Comments                148
    Volume (V)              2985
    Difficulty (D)          19.4
    Effort to implement (E) 58033
    Time to implement (T)   54 minutes
    Est Delivered Bugs (B)  0
    Cyclomatic Complexity   33
    Maintainability (MI)    135

 Segment     Used  Free
-----------  ----  ----
00000-00003     4  0  
00004-00035    50  0  
00036-007FF   280  1714  
00800-00FFF     0  2048  
01000-017FF     0  2048  
01800-01FFF     0  2048  



