
ROM used:   2044/8192 (25%)
            2044/8192 (25%) including unused fragments

            0.6 Average locations per line
            3.8 Average locations per statement

RAM used:   104/368 (28%) at main() level
            121/368 (33%) worst case

Stack used: 0 worst case (0 in main + 0 for interrupts)
Stack size: 8

Lines Stmts  %   Files
----- ----- ---  -----
  157    82  15  main.c
   31     0   0  main.h
  708     0   0  C:\Program Files (x86)\PICC\Devices\16F877A.h
  456   100  18  C:\Program Files (x86)\PICC\Drivers\lcd.c
  435     0   0  C:\Program Files (x86)\PICC\Drivers\string.h
   32     0   0  C:\Program Files (x86)\PICC\Drivers\stddef.h
   28     0   0  C:\Program Files (x86)\PICC\Drivers\ctype.h
 1354   359  66  C:\Program Files (x86)\PICC\Drivers\stdlib.h
  282     0   0  PIC16F877A_registers.h
----- -----
 3483   541 Total

Page ROM  %  RAM    Vol Diff  Functions:
---- --- --- ---    --- ----  ----------
0     20   1    1             @delay_ms1
 Inline         3    760  4.5  lcd_read_byte
0     51   2    2    262  3.7  lcd_read_nibble
0     56   3    1    399  2.4  lcd_send_nibble
0    100   5    3    415  3.7  lcd_send_byte
0     84   4    6    852  6.2  lcd_init
0     20   1    4    208  6.3  lcd_gotoxy
0     58   3    1    354  4.7  lcd_putc
0     70   3    5    231  6.6  strcmp
 Inline         6    343  8.6  strncmp
0     32   2    5    129  4.6  strlen
 Inline         2             @MUL88
 Inline         9   1815 10.5  atoi
 Inline         5             @DIV1616
0    220  11    4    548  6.5  MAIN
0      8   0    0             @const1307
0    116   6    4             @PSTRINGC7_724
0     11   1    0             @MEMSET
0    873  43    5   2117  9.4  comprobar_comando
0     23   1    3             @DIV88
 Inline         2             @PRINTF_U_38400_62_63
0      5   0    0             @const1323
0    122   6    5             @PSTRINGCN7_724
0     63   3    2             @PRINTF_U_724
0      8   0    0             @const1329
0      7   0    0             @const1330
0      8   0    0             @const1331
0      6   0    0             @const1332
0      7   0    0             @const1337
0      6   0    0             @const1338
0      9   0    0             @const1339
0      6   0    0             @const1340
0      6   0    0             @const1341
0     45   2    0     25  1.2  echo
 Inline         2             @PSTRINGR_38400_62_63
 Inline         3    144  4.3  ajusta_dc_PWM
 Inline         5             @MUL1616
 Inline         0             @cinit1

Program metrics:
    Functions               15
    Statements              541
    Comments                792
    Volume (V)              13515
    Difficulty (D)          81.4
    Effort to implement (E) 1100423
    Time to implement (T)   16 hours, 59 minutes
    Est Delivered Bugs (B)  4
    Cyclomatic Complexity   38
    Maintainability (MI)    29

 Segment     Used  Free
-----------  ----  ----
00000-00003     4  0  
00004-007FF  2040  4  
00800-00FFF     0  2048  
01000-017FF     0  2048  
01800-01FFF     0  2048  



